<?xml version="1.0" encoding="UTF-8"?>
<!-- Generated by org.testng.reporters.JUnitXMLReporter -->
<testsuite hostname="Aryasindhus-MacBook-Air.local" name="Command line test d76fdf2a-a7fb-41b4-946f-07715d055aee" tests="1" failures="1" timestamp="13 Nov 2016 19:55:18 GMT" time="0.01" errors="0">
  <testcase name="add" time="0.006" classname="com.test.calculator.CalcTest">
    <failure type="org.testng.TestNGException" message="
The data provider is trying to pass 1 parameters but the method com.test.calculator.CalcTest#add takes 3 and TestNG is unable in inject a suitable object">
      <![CDATA[org.testng.TestNGException: 
The data provider is trying to pass 1 parameters but the method com.test.calculator.CalcTest#add takes 3 and TestNG is unable in inject a suitable object
	at com.mentorstudies.automationframework.TestRunner.main(TestRunner.java:116)
Caused by: java.lang.ArrayIndexOutOfBoundsException: 1
	... 15 more
... Removed 16 stack frames]]>
    </failure>
  </testcase> <!-- add -->
</testsuite> <!-- Command line test d76fdf2a-a7fb-41b4-946f-07715d055aee -->
