<?xml version="1.0" encoding="UTF-8"?>
<!-- Generated by org.testng.reporters.JUnitXMLReporter -->
<testsuite hostname="Aryasindhus-MacBook-Air.local" name="Command line test 65aeec47-b1f0-4de4-b8eb-5ca96905268e" tests="1" failures="1" timestamp="13 Nov 2016 19:17:44 GMT" time="0.016" errors="0">
  <testcase name="add" time="0.008" classname="com.test.calculator.CalcTest">
    <failure type="org.testng.TestNGException" message="
The data provider is trying to pass 1 parameters but the method com.test.calculator.CalcTest#add takes 3 and TestNG is unable in inject a suitable object">
      <![CDATA[org.testng.TestNGException: 
The data provider is trying to pass 1 parameters but the method com.test.calculator.CalcTest#add takes 3 and TestNG is unable in inject a suitable object
	at com.mentorstudies.automationframework.TestRunner.main(TestRunner.java:116)
	at org.codehaus.mojo.exec.ExecJavaMojo$1.run(ExecJavaMojo.java:294)
	at java.lang.Thread.run(Thread.java:745)
Caused by: java.lang.ArrayIndexOutOfBoundsException: 1
	... 21 more
... Removed 20 stack frames]]>
    </failure>
  </testcase> <!-- add -->
</testsuite> <!-- Command line test 65aeec47-b1f0-4de4-b8eb-5ca96905268e -->
