<?xml version="1.0" encoding="UTF-8"?>
<!-- Generated by org.testng.reporters.JUnitReportReporter -->
<testsuite hostname="Aryasindhus-MacBook-Air.local" name="com.test.types.DataTypeTest" tests="8" failures="0" timestamp="15 Nov 2016 18:44:28 GMT" time="0.001" errors="1">
  <testcase name="slapTest" time="0.000" classname="com.test.types.DataTypeTest"/>
  <testcase name="genderTest" time="0.001" classname="com.test.types.DataTypeTest"/>
  <testcase name="genderTest" time="0.000" classname="com.test.types.DataTypeTest"/>
  <testcase name="genderTest" time="0.000" classname="com.test.types.DataTypeTest"/>
  <testcase name="slapTest" time="0.000" classname="com.test.types.DataTypeTest"/>
  <testcase name="sayHello" time="0.000" classname="com.test.types.DataTypeTest"/>
  <testcase name="sayHello" time="0.000" classname="com.test.types.DataTypeTest"/>
  <testcase name="greet" time="0.000" classname="com.test.types.DataTypeTest">
    <error type="java.lang.RuntimeException" message="java.lang.NumberFormatException: For input string: &quot;Arya&quot;">
      <![CDATA[java.lang.RuntimeException: java.lang.NumberFormatException: For input string: "Arya"
	at org.testng.internal.MethodInvocationHelper.invokeDataProvider(MethodInvocationHelper.java:163)
	at org.testng.internal.Parameters.handleParameters(Parameters.java:430)
	at org.testng.internal.Invoker.handleParameters(Invoker.java:1274)
	at org.testng.internal.Invoker.createParameters(Invoker.java:989)
	at org.testng.internal.Invoker.invokeTestMethods(Invoker.java:1079)
	at org.testng.internal.TestMethodWorker.invokeTestMethods(TestMethodWorker.java:129)
	at org.testng.internal.TestMethodWorker.run(TestMethodWorker.java:112)
	at org.testng.TestRunner.privateRun(TestRunner.java:782)
	at org.testng.TestRunner.run(TestRunner.java:632)
	at org.testng.SuiteRunner.runTest(SuiteRunner.java:366)
	at org.testng.SuiteRunner.runSequentially(SuiteRunner.java:361)
	at org.testng.SuiteRunner.privateRun(SuiteRunner.java:319)
	at org.testng.SuiteRunner.run(SuiteRunner.java:268)
	at org.testng.SuiteRunnerWorker.runSuite(SuiteRunnerWorker.java:52)
	at org.testng.SuiteRunnerWorker.run(SuiteRunnerWorker.java:86)
	at org.testng.TestNG.runSuitesSequentially(TestNG.java:1244)
	at org.testng.TestNG.runSuitesLocally(TestNG.java:1169)
	at org.testng.TestNG.run(TestNG.java:1064)
	at com.mentorstudies.automationframework.TestRunner.main(TestRunner.java:116)
	at sun.reflect.NativeMethodAccessorImpl.invoke0(Native Method)
	at sun.reflect.NativeMethodAccessorImpl.invoke(NativeMethodAccessorImpl.java:62)
	at sun.reflect.DelegatingMethodAccessorImpl.invoke(DelegatingMethodAccessorImpl.java:43)
	at java.lang.reflect.Method.invoke(Method.java:498)
	at org.codehaus.mojo.exec.ExecJavaMojo$1.run(ExecJavaMojo.java:294)
	at java.lang.Thread.run(Thread.java:745)
Caused by: java.lang.NumberFormatException: For input string: "Arya"
	at java.lang.NumberFormatException.forInputString(NumberFormatException.java:65)
	at java.lang.Integer.parseInt(Integer.java:580)
	at java.lang.Integer.parseInt(Integer.java:615)
	at com.mentorstudies.automationframework.common.TestClassUtil.getTestData(TestClassUtil.java:43)
	at sun.reflect.NativeMethodAccessorImpl.invoke0(Native Method)
	at sun.reflect.NativeMethodAccessorImpl.invoke(NativeMethodAccessorImpl.java:62)
	at sun.reflect.DelegatingMethodAccessorImpl.invoke(DelegatingMethodAccessorImpl.java:43)
	at java.lang.reflect.Method.invoke(Method.java:498)
	at org.testng.internal.MethodInvocationHelper.invokeMethod(MethodInvocationHelper.java:86)
	at org.testng.internal.MethodInvocationHelper.invokeDataProvider(MethodInvocationHelper.java:137)
	... 24 more
]]>
    </error>
  </testcase> <!-- greet -->
</testsuite> <!-- com.test.types.DataTypeTest -->
